<?xml version="1.0" encoding="UTF-8"?>
<!-- Generated by org.testng.reporters.JUnitReportReporter -->
<testsuite hostname="Gate6-70" name="BDI_Tech.BDI_Tech.Tech" tests="2" failures="0" timestamp="28 Sep 2017 06:01:36 GMT" time="54.570" errors="0">
  <testcase name="AdminInvalidUserNamePassword" time="10.653" classname="BDI_Tech.BDI_Tech.Tech"/>
  <testcase name="CSRlogin_Logout" time="43.917" classname="BDI_Tech.BDI_Tech.Tech"/>
</testsuite> <!-- BDI_Tech.BDI_Tech.Tech -->
