<?xml version="1.0" encoding="UTF-8"?>
<!-- Generated by org.testng.reporters.JUnitReportReporter -->
<testsuite hostname="Gate6-70" name="BDI_CSR.BDI_CSR.DebugTest" tests="8" failures="0" timestamp="4 Oct 2017 12:34:35 GMT" time="196.554" errors="0">
  <testcase name="Client_InvalidName" time="46.936" classname="BDI_CSR.BDI_CSR.DebugTest"/>
  <testcase name="NewClientInvalidZIP" time="20.431" classname="BDI_CSR.BDI_CSR.DebugTest"/>
  <testcase name="NewClientInvalidLicence" time="20.967" classname="BDI_CSR.BDI_CSR.DebugTest"/>
  <testcase name="NewClientInvalidEmail" time="22.396" classname="BDI_CSR.BDI_CSR.DebugTest"/>
  <testcase name="NewInvalidDOB" time="20.174" classname="BDI_CSR.BDI_CSR.DebugTest"/>
  <testcase name="CourtInvalidEmail" time="22.621" classname="BDI_CSR.BDI_CSR.DebugTest"/>
  <testcase name="CourtInvalidContactNumber" time="22.719" classname="BDI_CSR.BDI_CSR.DebugTest"/>
  <testcase name="NewClientInvalidPhone" time="20.310" classname="BDI_CSR.BDI_CSR.DebugTest"/>
</testsuite> <!-- BDI_CSR.BDI_CSR.DebugTest -->
