<?xml version="1.0" encoding="UTF-8"?>
<!-- Generated by org.testng.reporters.JUnitReportReporter -->
<testsuite skipped="0" hostname="Gate6-70" name="Web.BDI.TechWebBDITest" tests="2" failures="0" timestamp="26 Sep 2017 06:29:58 GMT" time="51.118" errors="0">
  <testcase name="CSRlogin_Logout" time="41.425" classname="Web.BDI.TechWebBDITest"/>
  <testcase name="AdminInvalidUserNamePassword" time="9.693" classname="Web.BDI.TechWebBDITest"/>
</testsuite> <!-- Web.BDI.TechWebBDITest -->
