<?xml version="1.0" encoding="UTF-8"?>
<!-- Generated by org.testng.reporters.JUnitReportReporter -->
<testsuite skipped="0" hostname="Gate6-70" name="Web.BDI.BDI_Web" tests="5" failures="0" timestamp="26 Sep 2017 05:56:50 GMT" time="92.185" errors="0">
  <testcase name="Adminlogin_Logout" time="46.221" classname="Web.BDI.BDI_Web"/>
  <testcase name="InvalidLogin_BlankUserName" time="9.497" classname="Web.BDI.BDI_Web"/>
  <testcase name="InvalidLogin_BlankPassword" time="11.984" classname="Web.BDI.BDI_Web"/>
  <testcase name="InvalidLogin_BlankUserAndPassword" time="12.154" classname="Web.BDI.BDI_Web"/>
  <testcase name="InvalidUserNamePassword" time="12.329" classname="Web.BDI.BDI_Web"/>
</testsuite> <!-- Web.BDI.BDI_Web -->
